0 info it worked if it ends with ok
1 verbose cli [ 'E:\\Program Files\\nodejs\\node.exe',
1 verbose cli   'E:\\Program Files\\nodejs\\node_modules\\npm\\bin\\npm-cli.js',
1 verbose cli   'install',
1 verbose cli   'request',
1 verbose cli   '--save' ]
2 info using npm@3.10.10
3 info using node@v6.9.5
4 silly loadCurrentTree Starting
5 silly install loadCurrentTree
6 silly install readLocalPackageData
7 silly fetchPackageMetaData request
8 silly fetchNamedPackageData request
9 silly mapToRegistry name request
10 silly mapToRegistry using default registry
11 silly mapToRegistry registry https://registry.npmjs.org/
12 silly mapToRegistry data Result {
12 silly mapToRegistry   raw: 'request',
12 silly mapToRegistry   scope: null,
12 silly mapToRegistry   escapedName: 'request',
12 silly mapToRegistry   name: 'request',
12 silly mapToRegistry   rawSpec: '',
12 silly mapToRegistry   spec: 'latest',
12 silly mapToRegistry   type: 'tag' }
13 silly mapToRegistry uri https://registry.npmjs.org/request
14 verbose request uri https://registry.npmjs.org/request
15 verbose request no auth needed
16 info attempt registry request try #1 at 3:08:24 PM
17 verbose request id cfa86154f69eb616
18 http request GET https://registry.npmjs.org/request
19 info retry will retry, error on last attempt: Error: unable to get local issuer certificate
20 info attempt registry request try #2 at 3:08:34 PM
21 http request GET https://registry.npmjs.org/request
22 info retry will retry, error on last attempt: Error: unable to get local issuer certificate
23 info attempt registry request try #3 at 3:09:34 PM
24 http request GET https://registry.npmjs.org/request
25 silly fetchPackageMetaData Error: unable to get local issuer certificate
25 silly fetchPackageMetaData     at Error (native)
25 silly fetchPackageMetaData     at TLSSocket.<anonymous> (_tls_wrap.js:1079:38)
25 silly fetchPackageMetaData     at emitNone (events.js:86:13)
25 silly fetchPackageMetaData     at TLSSocket.emit (events.js:185:7)
25 silly fetchPackageMetaData     at TLSSocket._finishInit (_tls_wrap.js:603:8)
25 silly fetchPackageMetaData     at TLSWrap.ssl.onhandshakedone (_tls_wrap.js:433:38)
25 silly fetchPackageMetaData  error for request { Error: unable to get local issuer certificate
25 silly fetchPackageMetaData     at Error (native)
25 silly fetchPackageMetaData     at TLSSocket.<anonymous> (_tls_wrap.js:1079:38)
25 silly fetchPackageMetaData     at emitNone (events.js:86:13)
25 silly fetchPackageMetaData     at TLSSocket.emit (events.js:185:7)
25 silly fetchPackageMetaData     at TLSSocket._finishInit (_tls_wrap.js:603:8)
25 silly fetchPackageMetaData     at TLSWrap.ssl.onhandshakedone (_tls_wrap.js:433:38) code: 'UNABLE_TO_GET_ISSUER_CERT_LOCALLY' }
26 silly rollbackFailedOptional Starting
27 silly rollbackFailedOptional Finishing
28 silly runTopLevelLifecycles Finishing
29 silly install printInstalled
30 verbose stack Error: unable to get local issuer certificate
30 verbose stack     at Error (native)
30 verbose stack     at TLSSocket.<anonymous> (_tls_wrap.js:1079:38)
30 verbose stack     at emitNone (events.js:86:13)
30 verbose stack     at TLSSocket.emit (events.js:185:7)
30 verbose stack     at TLSSocket._finishInit (_tls_wrap.js:603:8)
30 verbose stack     at TLSWrap.ssl.onhandshakedone (_tls_wrap.js:433:38)
31 verbose cwd E:\workspace\udemy\web-dev-bootcamp\APIs
32 error Windows_NT 6.1.7601
33 error argv "E:\\Program Files\\nodejs\\node.exe" "E:\\Program Files\\nodejs\\node_modules\\npm\\bin\\npm-cli.js" "install" "request" "--save"
34 error node v6.9.5
35 error npm  v3.10.10
36 error code UNABLE_TO_GET_ISSUER_CERT_LOCALLY
37 error unable to get local issuer certificate
38 error If you need help, you may report this error at:
38 error     <https://github.com/npm/npm/issues>
39 verbose exit [ 1, true ]
